  ArrayStack.cpp
  EarlyPlist.cpp
  EDevice.cpp
  ETherapy.cpp
  EU_Waitlist.cpp
  GymRoom.cpp
  LinkedQueue.cpp
  mian.cpp
  Node.cpp
  Patient.cpp
C:\A9MD26\CUFE\4-Spring-2025\Data Structures and Algorithms\Project\Phy_Center\Phy_Center\Patient.cpp(136,13): warning C4150: deletion of pointer to incomplete type 'Treatment'; no destructor called
      C:\A9MD26\CUFE\4-Spring-2025\Data Structures and Algorithms\Project\Phy_Center\Phy_Center\Patient.h(6,7):
      see declaration of 'Treatment'
  
  priNode.cpp
  priQueue.cpp
  QueueADT.cpp
  Resource.cpp
  Schedular.cpp
C:\A9MD26\CUFE\4-Spring-2025\Data Structures and Algorithms\Project\Phy_Center\Phy_Center\Schedular.cpp(4,15): warning C4244: 'argument': conversion from 'time_t' to 'unsigned int', possible loss of data
  StackADT.cpp
  Treatment.cpp
  UDevice.cpp
  UI.cpp
  UTherapy.cpp
  Generating Code...
  Compiling...
  XTherapy.cpp
  X_Waitlist.cpp
  Generating Code...
  Phy_Center.vcxproj -> C:\A9MD26\CUFE\4-Spring-2025\Data Structures and Algorithms\Project\Phy_Center\x64\Debug\Phy_Center.exe
